Arguments: 
  C:\Program Files\nodejs\node.exe C:\Program Files\nodejs\node_modules\yarn\bin\yarn.js add --dev @nomiclabs/hardhat-ethers@npm:hardhat-deploy-ethers ethers @nomiclabs/hardhat-etherscan @nomiclabs/hardhat-waffle chai ethereum-waffle hardhat hardhat-contract-sizer hardhat-deploy hardhat-gas-reporter prettier prettier-plugin-solidity solhint solidity-coverage dotenv

PATH: 
  C:\Users\cagat\bin;C:\Program Files\Git\mingw64\bin;C:\Program Files\Git\usr\local\bin;C:\Program Files\Git\usr\bin;C:\Program Files\Git\usr\bin;C:\Program Files\Git\mingw64\bin;C:\Program Files\Git\usr\bin;C:\Users\cagat\bin;C:\Program Files\Common Files\Oracle\Java\javapath;C:\Program Files\Java\jre1.8.0_333\bin;C:\Program Files (x86)\Common Files\Oracle\Java\javapath;C:\Program Files\Microsoft\jdk-11.0.12.7-hotspot\bin;C:\Windows\system32;C:\Windows;C:\Windows\System32\Wbem;C:\Windows\System32\WindowsPowerShell\v1.0;C:\Windows\System32\OpenSSH;C:\Program Files (x86)\NVIDIA Corporation\PhysX\Common;C:\Program Files\NVIDIA Corporation\NVIDIA NvDLISR;C:\Program Files\MATLAB\R2021b\runtime\win64;C:\Program Files\MATLAB\R2021b\bin;C:\Program Files\Git\cmd;C:\Users\cagat\AppData\Roaming\nvm;C:\Program Files\nodejs;C:\Program Files\dotnet;C:\Users\cagat\AppData\Local\Microsoft\WindowsApps;C:\Users\cagat\AppData\Local\Programs\Microsoft VS Code\bin;C:\Users\cagat\AppData\Roaming\npm;C:\Users\cagat\Desktop\Solidity Coding;C:\Users\cagat\AppData\Local\Packages\PythonSoftwareFoundation.Python.3.9_qbz5n2kfra8p0\LocalCache\local-packages\Python39\Scripts;C:\Users\cagat\AppData\Local\Packages\PythonSoftwareFoundation.Python.3.9_qbz5n2kfra8p0\LocalCache\local-packages\Python39\Scripts;C:\Users\cagat\AppData\Roaming\nvm;C:\Program Files\nodejs;C:\Users\cagat\.dotnet\tools;C:\Program Files\Git\usr\bin\vendor_perl;C:\Program Files\Git\usr\bin\core_perl

Yarn version: 
  1.22.19

Node version: 
  18.5.0

Platform: 
  win32 x64

Trace: 
  SyntaxError: C:\Users\cagat\Desktop\Solidity\nftMaking\package.json: Unexpected end of JSON input
      at JSON.parse (<anonymous>)
      at C:\Users\cagat\AppData\Roaming\nvm\v18.5.0\node_modules\yarn\lib\cli.js:1629:59
      at Generator.next (<anonymous>)
      at step (C:\Users\cagat\AppData\Roaming\nvm\v18.5.0\node_modules\yarn\lib\cli.js:310:30)
      at C:\Users\cagat\AppData\Roaming\nvm\v18.5.0\node_modules\yarn\lib\cli.js:321:13

npm manifest: 
  

yarn manifest: 
  No manifest

Lockfile: 
  No lockfile
